<?xml version="1.0" encoding="UTF-8"?>
<!-- Generated by org.testng.reporters.JUnitReportReporter -->
<testsuite hostname="DESKTOP-0T4938B" failures="0" tests="4" name="testcase.SwagLabsD" time="23.964" errors="0" timestamp="2024-03-05T09:01:44 IST" skipped="0">
  <testcase classname="testcase.SwagLabsD" name="loginTest" time="3.690"/>
  <testcase classname="testcase.SwagLabsD" name="loginTest" time="13.696"/>
  <testcase classname="testcase.SwagLabsD" name="loginTest" time="3.426"/>
  <testcase classname="testcase.SwagLabsD" name="loginTest" time="3.152"/>
</testsuite> <!-- testcase.SwagLabsD -->
